Compilation failed:
    source file: '/Users/johanravnandersen/Desktop/Universitet/Software/Projects-skeleton/PhotoshopLite/build_opencv/opencv/cmake/checks/cpu_popcnt.cpp'
    check option: ''
===== BUILD LOG =====
Change Dir: /Users/johanravnandersen/Desktop/Universitet/Software/Projects-skeleton/PhotoshopLite/build_opencv/CMakeFiles/CMakeTmp

Run Build Command(s):/usr/bin/make -f Makefile cmTC_f4563/fast && /Library/Developer/CommandLineTools/usr/bin/make  -f CMakeFiles/cmTC_f4563.dir/build.make CMakeFiles/cmTC_f4563.dir/build
Building CXX object CMakeFiles/cmTC_f4563.dir/cpu_popcnt.cpp.o
/Library/Developer/CommandLineTools/usr/bin/c++   -O3 -DNDEBUG -isysroot /Library/Developer/CommandLineTools/SDKs/MacOSX13.3.sdk -fPIE -std=c++11 -MD -MT CMakeFiles/cmTC_f4563.dir/cpu_popcnt.cpp.o -MF CMakeFiles/cmTC_f4563.dir/cpu_popcnt.cpp.o.d -o CMakeFiles/cmTC_f4563.dir/cpu_popcnt.cpp.o -c /Users/johanravnandersen/Desktop/Universitet/Software/Projects-skeleton/PhotoshopLite/build_opencv/opencv/cmake/checks/cpu_popcnt.cpp
/Users/johanravnandersen/Desktop/Universitet/Software/Projects-skeleton/PhotoshopLite/build_opencv/opencv/cmake/checks/cpu_popcnt.cpp:14:4: error: "__POPCNT__ is not defined by compiler"
#  error "__POPCNT__ is not defined by compiler"
   ^
/Users/johanravnandersen/Desktop/Universitet/Software/Projects-skeleton/PhotoshopLite/build_opencv/opencv/cmake/checks/cpu_popcnt.cpp:22:13: error: use of undeclared identifier 'CV_POPCNT_U32'
    int j = CV_POPCNT_U32(1);
            ^
2 errors generated.
make[1]: *** [CMakeFiles/cmTC_f4563.dir/cpu_popcnt.cpp.o] Error 1
make: *** [cmTC_f4563/fast] Error 2


===== END =====

Compilation failed:
    source file: '/Users/johanravnandersen/Desktop/Universitet/Software/Projects-skeleton/PhotoshopLite/build_opencv/opencv/cmake/checks/cpu_sse42.cpp'
    check option: ''
===== BUILD LOG =====
Change Dir: /Users/johanravnandersen/Desktop/Universitet/Software/Projects-skeleton/PhotoshopLite/build_opencv/CMakeFiles/CMakeTmp

Run Build Command(s):/usr/bin/make -f Makefile cmTC_71984/fast && /Library/Developer/CommandLineTools/usr/bin/make  -f CMakeFiles/cmTC_71984.dir/build.make CMakeFiles/cmTC_71984.dir/build
Building CXX object CMakeFiles/cmTC_71984.dir/cpu_sse42.cpp.o
/Library/Developer/CommandLineTools/usr/bin/c++   -O3 -DNDEBUG -isysroot /Library/Developer/CommandLineTools/SDKs/MacOSX13.3.sdk -fPIE -std=c++11 -MD -MT CMakeFiles/cmTC_71984.dir/cpu_sse42.cpp.o -MF CMakeFiles/cmTC_71984.dir/cpu_sse42.cpp.o.d -o CMakeFiles/cmTC_71984.dir/cpu_sse42.cpp.o -c /Users/johanravnandersen/Desktop/Universitet/Software/Projects-skeleton/PhotoshopLite/build_opencv/opencv/cmake/checks/cpu_sse42.cpp
/Users/johanravnandersen/Desktop/Universitet/Software/Projects-skeleton/PhotoshopLite/build_opencv/opencv/cmake/checks/cpu_sse42.cpp:5:24: error: always_inline function '_mm_crc32_u8' requires target feature 'crc32', but would be inlined into function 'main' that is compiled without support for 'crc32'
    unsigned int res = _mm_crc32_u8(1, 2);
                       ^
1 error generated.
make[1]: *** [CMakeFiles/cmTC_71984.dir/cpu_sse42.cpp.o] Error 1
make: *** [cmTC_71984/fast] Error 2


===== END =====

Compilation failed:
    source file: '/Users/johanravnandersen/Desktop/Universitet/Software/Projects-skeleton/PhotoshopLite/build_opencv/opencv/cmake/checks/cpu_fp16.cpp'
    check option: ''
===== BUILD LOG =====
Change Dir: /Users/johanravnandersen/Desktop/Universitet/Software/Projects-skeleton/PhotoshopLite/build_opencv/CMakeFiles/CMakeTmp

Run Build Command(s):/usr/bin/make -f Makefile cmTC_2d33a/fast && /Library/Developer/CommandLineTools/usr/bin/make  -f CMakeFiles/cmTC_2d33a.dir/build.make CMakeFiles/cmTC_2d33a.dir/build
Building CXX object CMakeFiles/cmTC_2d33a.dir/cpu_fp16.cpp.o
/Library/Developer/CommandLineTools/usr/bin/c++   -O3 -DNDEBUG -isysroot /Library/Developer/CommandLineTools/SDKs/MacOSX13.3.sdk -fPIE -std=c++11 -MD -MT CMakeFiles/cmTC_2d33a.dir/cpu_fp16.cpp.o -MF CMakeFiles/cmTC_2d33a.dir/cpu_fp16.cpp.o.d -o CMakeFiles/cmTC_2d33a.dir/cpu_fp16.cpp.o -c /Users/johanravnandersen/Desktop/Universitet/Software/Projects-skeleton/PhotoshopLite/build_opencv/opencv/cmake/checks/cpu_fp16.cpp
/Users/johanravnandersen/Desktop/Universitet/Software/Projects-skeleton/PhotoshopLite/build_opencv/opencv/cmake/checks/cpu_fp16.cpp:26:2: error: "FP16 is not supported"
#error "FP16 is not supported"
 ^
/Users/johanravnandersen/Desktop/Universitet/Software/Projects-skeleton/PhotoshopLite/build_opencv/opencv/cmake/checks/cpu_fp16.cpp:31:18: error: use of undeclared identifier 'test'
  printf("%d\n", test());
                 ^
2 errors generated.
make[1]: *** [CMakeFiles/cmTC_2d33a.dir/cpu_fp16.cpp.o] Error 1
make: *** [cmTC_2d33a/fast] Error 2


===== END =====

Compilation failed:
    source file: '/Users/johanravnandersen/Desktop/Universitet/Software/Projects-skeleton/PhotoshopLite/build_opencv/opencv/cmake/checks/cpu_avx.cpp'
    check option: ''
===== BUILD LOG =====
Change Dir: /Users/johanravnandersen/Desktop/Universitet/Software/Projects-skeleton/PhotoshopLite/build_opencv/CMakeFiles/CMakeTmp

Run Build Command(s):/usr/bin/make -f Makefile cmTC_f4716/fast && /Library/Developer/CommandLineTools/usr/bin/make  -f CMakeFiles/cmTC_f4716.dir/build.make CMakeFiles/cmTC_f4716.dir/build
Building CXX object CMakeFiles/cmTC_f4716.dir/cpu_avx.cpp.o
/Library/Developer/CommandLineTools/usr/bin/c++   -O3 -DNDEBUG -isysroot /Library/Developer/CommandLineTools/SDKs/MacOSX13.3.sdk -fPIE -std=c++11 -MD -MT CMakeFiles/cmTC_f4716.dir/cpu_avx.cpp.o -MF CMakeFiles/cmTC_f4716.dir/cpu_avx.cpp.o.d -o CMakeFiles/cmTC_f4716.dir/cpu_avx.cpp.o -c /Users/johanravnandersen/Desktop/Universitet/Software/Projects-skeleton/PhotoshopLite/build_opencv/opencv/cmake/checks/cpu_avx.cpp
/Users/johanravnandersen/Desktop/Universitet/Software/Projects-skeleton/PhotoshopLite/build_opencv/opencv/cmake/checks/cpu_avx.cpp:2:2: error: "__AVX__ define is missing"
#error "__AVX__ define is missing"
 ^
1 error generated.
make[1]: *** [CMakeFiles/cmTC_f4716.dir/cpu_avx.cpp.o] Error 1
make: *** [cmTC_f4716/fast] Error 2


===== END =====

Compilation failed:
    source file: '/Users/johanravnandersen/Desktop/Universitet/Software/Projects-skeleton/PhotoshopLite/build_opencv/opencv/cmake/checks/cpu_avx2.cpp'
    check option: ''
===== BUILD LOG =====
Change Dir: /Users/johanravnandersen/Desktop/Universitet/Software/Projects-skeleton/PhotoshopLite/build_opencv/CMakeFiles/CMakeTmp

Run Build Command(s):/usr/bin/make -f Makefile cmTC_fd716/fast && /Library/Developer/CommandLineTools/usr/bin/make  -f CMakeFiles/cmTC_fd716.dir/build.make CMakeFiles/cmTC_fd716.dir/build
Building CXX object CMakeFiles/cmTC_fd716.dir/cpu_avx2.cpp.o
/Library/Developer/CommandLineTools/usr/bin/c++   -O3 -DNDEBUG -isysroot /Library/Developer/CommandLineTools/SDKs/MacOSX13.3.sdk -fPIE -std=c++11 -MD -MT CMakeFiles/cmTC_fd716.dir/cpu_avx2.cpp.o -MF CMakeFiles/cmTC_fd716.dir/cpu_avx2.cpp.o.d -o CMakeFiles/cmTC_fd716.dir/cpu_avx2.cpp.o -c /Users/johanravnandersen/Desktop/Universitet/Software/Projects-skeleton/PhotoshopLite/build_opencv/opencv/cmake/checks/cpu_avx2.cpp
/Users/johanravnandersen/Desktop/Universitet/Software/Projects-skeleton/PhotoshopLite/build_opencv/opencv/cmake/checks/cpu_avx2.cpp:2:2: error: "__AVX2__ define is missing"
#error "__AVX2__ define is missing"
 ^
1 error generated.
make[1]: *** [CMakeFiles/cmTC_fd716.dir/cpu_avx2.cpp.o] Error 1
make: *** [cmTC_fd716/fast] Error 2


===== END =====

Compilation failed:
    source file: '/Users/johanravnandersen/Desktop/Universitet/Software/Projects-skeleton/PhotoshopLite/build_opencv/opencv/cmake/checks/cpu_avx512.cpp'
    check option: ''
===== BUILD LOG =====
Change Dir: /Users/johanravnandersen/Desktop/Universitet/Software/Projects-skeleton/PhotoshopLite/build_opencv/CMakeFiles/CMakeTmp

Run Build Command(s):/usr/bin/make -f Makefile cmTC_67d6e/fast && /Library/Developer/CommandLineTools/usr/bin/make  -f CMakeFiles/cmTC_67d6e.dir/build.make CMakeFiles/cmTC_67d6e.dir/build
Building CXX object CMakeFiles/cmTC_67d6e.dir/cpu_avx512.cpp.o
/Library/Developer/CommandLineTools/usr/bin/c++   -O3 -DNDEBUG -isysroot /Library/Developer/CommandLineTools/SDKs/MacOSX13.3.sdk -fPIE -std=c++11 -MD -MT CMakeFiles/cmTC_67d6e.dir/cpu_avx512.cpp.o -MF CMakeFiles/cmTC_67d6e.dir/cpu_avx512.cpp.o.d -o CMakeFiles/cmTC_67d6e.dir/cpu_avx512.cpp.o -c /Users/johanravnandersen/Desktop/Universitet/Software/Projects-skeleton/PhotoshopLite/build_opencv/opencv/cmake/checks/cpu_avx512.cpp
/Users/johanravnandersen/Desktop/Universitet/Software/Projects-skeleton/PhotoshopLite/build_opencv/opencv/cmake/checks/cpu_avx512.cpp:11:2: error: "AVX512 is not supported"
#error "AVX512 is not supported"
 ^
1 error generated.
make[1]: *** [CMakeFiles/cmTC_67d6e.dir/cpu_avx512.cpp.o] Error 1
make: *** [cmTC_67d6e/fast] Error 2


===== END =====

Compilation failed:
    source file: '/Users/johanravnandersen/Desktop/Universitet/Software/Projects-skeleton/PhotoshopLite/build_opencv/opencv/cmake/checks/cpu_avx512common.cpp'
    check option: ''
===== BUILD LOG =====
Change Dir: /Users/johanravnandersen/Desktop/Universitet/Software/Projects-skeleton/PhotoshopLite/build_opencv/CMakeFiles/CMakeTmp

Run Build Command(s):/usr/bin/make -f Makefile cmTC_ec37c/fast && /Library/Developer/CommandLineTools/usr/bin/make  -f CMakeFiles/cmTC_ec37c.dir/build.make CMakeFiles/cmTC_ec37c.dir/build
Building CXX object CMakeFiles/cmTC_ec37c.dir/cpu_avx512common.cpp.o
/Library/Developer/CommandLineTools/usr/bin/c++   -O3 -DNDEBUG -isysroot /Library/Developer/CommandLineTools/SDKs/MacOSX13.3.sdk -fPIE -std=c++11 -MD -MT CMakeFiles/cmTC_ec37c.dir/cpu_avx512common.cpp.o -MF CMakeFiles/cmTC_ec37c.dir/cpu_avx512common.cpp.o.d -o CMakeFiles/cmTC_ec37c.dir/cpu_avx512common.cpp.o -c /Users/johanravnandersen/Desktop/Universitet/Software/Projects-skeleton/PhotoshopLite/build_opencv/opencv/cmake/checks/cpu_avx512common.cpp
/Users/johanravnandersen/Desktop/Universitet/Software/Projects-skeleton/PhotoshopLite/build_opencv/opencv/cmake/checks/cpu_avx512common.cpp:12:2: error: "AVX512-COMMON is not supported"
#error "AVX512-COMMON is not supported"
 ^
1 error generated.
make[1]: *** [CMakeFiles/cmTC_ec37c.dir/cpu_avx512common.cpp.o] Error 1
make: *** [cmTC_ec37c/fast] Error 2


===== END =====

Compilation failed:
    source file: '/Users/johanravnandersen/Desktop/Universitet/Software/Projects-skeleton/PhotoshopLite/build_opencv/opencv/cmake/checks/cpu_avx512knl.cpp'
    check option: ''
===== BUILD LOG =====
Change Dir: /Users/johanravnandersen/Desktop/Universitet/Software/Projects-skeleton/PhotoshopLite/build_opencv/CMakeFiles/CMakeTmp

Run Build Command(s):/usr/bin/make -f Makefile cmTC_7ad00/fast && /Library/Developer/CommandLineTools/usr/bin/make  -f CMakeFiles/cmTC_7ad00.dir/build.make CMakeFiles/cmTC_7ad00.dir/build
Building CXX object CMakeFiles/cmTC_7ad00.dir/cpu_avx512knl.cpp.o
/Library/Developer/CommandLineTools/usr/bin/c++   -O3 -DNDEBUG -isysroot /Library/Developer/CommandLineTools/SDKs/MacOSX13.3.sdk -fPIE -std=c++11 -MD -MT CMakeFiles/cmTC_7ad00.dir/cpu_avx512knl.cpp.o -MF CMakeFiles/cmTC_7ad00.dir/cpu_avx512knl.cpp.o.d -o CMakeFiles/cmTC_7ad00.dir/cpu_avx512knl.cpp.o -c /Users/johanravnandersen/Desktop/Universitet/Software/Projects-skeleton/PhotoshopLite/build_opencv/opencv/cmake/checks/cpu_avx512knl.cpp
/Users/johanravnandersen/Desktop/Universitet/Software/Projects-skeleton/PhotoshopLite/build_opencv/opencv/cmake/checks/cpu_avx512knl.cpp:14:2: error: "AVX512-KNL is not supported"
#error "AVX512-KNL is not supported"
 ^
1 error generated.
make[1]: *** [CMakeFiles/cmTC_7ad00.dir/cpu_avx512knl.cpp.o] Error 1
make: *** [cmTC_7ad00/fast] Error 2


===== END =====

Compilation failed:
    source file: '/Users/johanravnandersen/Desktop/Universitet/Software/Projects-skeleton/PhotoshopLite/build_opencv/opencv/cmake/checks/cpu_avx512knm.cpp'
    check option: ''
===== BUILD LOG =====
Change Dir: /Users/johanravnandersen/Desktop/Universitet/Software/Projects-skeleton/PhotoshopLite/build_opencv/CMakeFiles/CMakeTmp

Run Build Command(s):/usr/bin/make -f Makefile cmTC_d7e18/fast && /Library/Developer/CommandLineTools/usr/bin/make  -f CMakeFiles/cmTC_d7e18.dir/build.make CMakeFiles/cmTC_d7e18.dir/build
Building CXX object CMakeFiles/cmTC_d7e18.dir/cpu_avx512knm.cpp.o
/Library/Developer/CommandLineTools/usr/bin/c++   -O3 -DNDEBUG -isysroot /Library/Developer/CommandLineTools/SDKs/MacOSX13.3.sdk -fPIE -std=c++11 -MD -MT CMakeFiles/cmTC_d7e18.dir/cpu_avx512knm.cpp.o -MF CMakeFiles/cmTC_d7e18.dir/cpu_avx512knm.cpp.o.d -o CMakeFiles/cmTC_d7e18.dir/cpu_avx512knm.cpp.o -c /Users/johanravnandersen/Desktop/Universitet/Software/Projects-skeleton/PhotoshopLite/build_opencv/opencv/cmake/checks/cpu_avx512knm.cpp
/Users/johanravnandersen/Desktop/Universitet/Software/Projects-skeleton/PhotoshopLite/build_opencv/opencv/cmake/checks/cpu_avx512knm.cpp:15:2: error: "AVX512-KNM is not supported"
#error "AVX512-KNM is not supported"
 ^
1 error generated.
make[1]: *** [CMakeFiles/cmTC_d7e18.dir/cpu_avx512knm.cpp.o] Error 1
make: *** [cmTC_d7e18/fast] Error 2


===== END =====

Compilation failed:
    source file: '/Users/johanravnandersen/Desktop/Universitet/Software/Projects-skeleton/PhotoshopLite/build_opencv/opencv/cmake/checks/cpu_avx512knm.cpp'
    check option: ' -mavx512f -mavx512cd -mavx512er -mavx512pf -mavx5124fmaps -mavx5124vnniw -mavx512vpopcntdq'
===== BUILD LOG =====
Change Dir: /Users/johanravnandersen/Desktop/Universitet/Software/Projects-skeleton/PhotoshopLite/build_opencv/CMakeFiles/CMakeTmp

Run Build Command(s):/usr/bin/make -f Makefile cmTC_3b4df/fast && /Library/Developer/CommandLineTools/usr/bin/make  -f CMakeFiles/cmTC_3b4df.dir/build.make CMakeFiles/cmTC_3b4df.dir/build
Building CXX object CMakeFiles/cmTC_3b4df.dir/cpu_avx512knm.cpp.o
/Library/Developer/CommandLineTools/usr/bin/c++   -O3 -DNDEBUG -isysroot /Library/Developer/CommandLineTools/SDKs/MacOSX13.3.sdk -fPIE    -mavx512f -mavx512cd -mavx512er -mavx512pf -mavx5124fmaps -mavx5124vnniw -mavx512vpopcntdq -std=c++11 -MD -MT CMakeFiles/cmTC_3b4df.dir/cpu_avx512knm.cpp.o -MF CMakeFiles/cmTC_3b4df.dir/cpu_avx512knm.cpp.o.d -o CMakeFiles/cmTC_3b4df.dir/cpu_avx512knm.cpp.o -c /Users/johanravnandersen/Desktop/Universitet/Software/Projects-skeleton/PhotoshopLite/build_opencv/opencv/cmake/checks/cpu_avx512knm.cpp
clang: error: unknown argument: '-mavx5124fmaps'
clang: error: unknown argument: '-mavx5124vnniw'
make[1]: *** [CMakeFiles/cmTC_3b4df.dir/cpu_avx512knm.cpp.o] Error 1
make: *** [cmTC_3b4df/fast] Error 2


===== END =====

Compilation failed:
    source file: '/Users/johanravnandersen/Desktop/Universitet/Software/Projects-skeleton/PhotoshopLite/build_opencv/opencv/cmake/checks/cpu_avx512skx.cpp'
    check option: ''
===== BUILD LOG =====
Change Dir: /Users/johanravnandersen/Desktop/Universitet/Software/Projects-skeleton/PhotoshopLite/build_opencv/CMakeFiles/CMakeTmp

Run Build Command(s):/usr/bin/make -f Makefile cmTC_bd9a7/fast && /Library/Developer/CommandLineTools/usr/bin/make  -f CMakeFiles/cmTC_bd9a7.dir/build.make CMakeFiles/cmTC_bd9a7.dir/build
Building CXX object CMakeFiles/cmTC_bd9a7.dir/cpu_avx512skx.cpp.o
/Library/Developer/CommandLineTools/usr/bin/c++   -O3 -DNDEBUG -isysroot /Library/Developer/CommandLineTools/SDKs/MacOSX13.3.sdk -fPIE -std=c++11 -MD -MT CMakeFiles/cmTC_bd9a7.dir/cpu_avx512skx.cpp.o -MF CMakeFiles/cmTC_bd9a7.dir/cpu_avx512skx.cpp.o.d -o CMakeFiles/cmTC_bd9a7.dir/cpu_avx512skx.cpp.o -c /Users/johanravnandersen/Desktop/Universitet/Software/Projects-skeleton/PhotoshopLite/build_opencv/opencv/cmake/checks/cpu_avx512skx.cpp
/Users/johanravnandersen/Desktop/Universitet/Software/Projects-skeleton/PhotoshopLite/build_opencv/opencv/cmake/checks/cpu_avx512skx.cpp:30:2: error: "AVX512-SKX is not supported"
#error "AVX512-SKX is not supported"
 ^
1 error generated.
make[1]: *** [CMakeFiles/cmTC_bd9a7.dir/cpu_avx512skx.cpp.o] Error 1
make: *** [cmTC_bd9a7/fast] Error 2


===== END =====

Compilation failed:
    source file: '/Users/johanravnandersen/Desktop/Universitet/Software/Projects-skeleton/PhotoshopLite/build_opencv/opencv/cmake/checks/cpu_avx512cnl.cpp'
    check option: ''
===== BUILD LOG =====
Change Dir: /Users/johanravnandersen/Desktop/Universitet/Software/Projects-skeleton/PhotoshopLite/build_opencv/CMakeFiles/CMakeTmp

Run Build Command(s):/usr/bin/make -f Makefile cmTC_04ef4/fast && /Library/Developer/CommandLineTools/usr/bin/make  -f CMakeFiles/cmTC_04ef4.dir/build.make CMakeFiles/cmTC_04ef4.dir/build
Building CXX object CMakeFiles/cmTC_04ef4.dir/cpu_avx512cnl.cpp.o
/Library/Developer/CommandLineTools/usr/bin/c++   -O3 -DNDEBUG -isysroot /Library/Developer/CommandLineTools/SDKs/MacOSX13.3.sdk -fPIE -std=c++11 -MD -MT CMakeFiles/cmTC_04ef4.dir/cpu_avx512cnl.cpp.o -MF CMakeFiles/cmTC_04ef4.dir/cpu_avx512cnl.cpp.o.d -o CMakeFiles/cmTC_04ef4.dir/cpu_avx512cnl.cpp.o -c /Users/johanravnandersen/Desktop/Universitet/Software/Projects-skeleton/PhotoshopLite/build_opencv/opencv/cmake/checks/cpu_avx512cnl.cpp
/Users/johanravnandersen/Desktop/Universitet/Software/Projects-skeleton/PhotoshopLite/build_opencv/opencv/cmake/checks/cpu_avx512cnl.cpp:10:2: error: "AVX512-CNL is not supported"
#error "AVX512-CNL is not supported"
 ^
1 error generated.
make[1]: *** [CMakeFiles/cmTC_04ef4.dir/cpu_avx512cnl.cpp.o] Error 1
make: *** [cmTC_04ef4/fast] Error 2


===== END =====

Compilation failed:
    source file: '/Users/johanravnandersen/Desktop/Universitet/Software/Projects-skeleton/PhotoshopLite/build_opencv/opencv/cmake/checks/cpu_avx512clx.cpp'
    check option: ''
===== BUILD LOG =====
Change Dir: /Users/johanravnandersen/Desktop/Universitet/Software/Projects-skeleton/PhotoshopLite/build_opencv/CMakeFiles/CMakeTmp

Run Build Command(s):/usr/bin/make -f Makefile cmTC_3c2ff/fast && /Library/Developer/CommandLineTools/usr/bin/make  -f CMakeFiles/cmTC_3c2ff.dir/build.make CMakeFiles/cmTC_3c2ff.dir/build
Building CXX object CMakeFiles/cmTC_3c2ff.dir/cpu_avx512clx.cpp.o
/Library/Developer/CommandLineTools/usr/bin/c++   -O3 -DNDEBUG -isysroot /Library/Developer/CommandLineTools/SDKs/MacOSX13.3.sdk -fPIE -std=c++11 -MD -MT CMakeFiles/cmTC_3c2ff.dir/cpu_avx512clx.cpp.o -MF CMakeFiles/cmTC_3c2ff.dir/cpu_avx512clx.cpp.o.d -o CMakeFiles/cmTC_3c2ff.dir/cpu_avx512clx.cpp.o -c /Users/johanravnandersen/Desktop/Universitet/Software/Projects-skeleton/PhotoshopLite/build_opencv/opencv/cmake/checks/cpu_avx512clx.cpp
/Users/johanravnandersen/Desktop/Universitet/Software/Projects-skeleton/PhotoshopLite/build_opencv/opencv/cmake/checks/cpu_avx512clx.cpp:9:2: error: "AVX512-CLX is not supported"
#error "AVX512-CLX is not supported"
 ^
1 error generated.
make[1]: *** [CMakeFiles/cmTC_3c2ff.dir/cpu_avx512clx.cpp.o] Error 1
make: *** [cmTC_3c2ff/fast] Error 2


===== END =====

Compilation failed:
    source file: '/Users/johanravnandersen/Desktop/Universitet/Software/Projects-skeleton/PhotoshopLite/build_opencv/opencv/cmake/checks/cpu_avx512icl.cpp'
    check option: ''
===== BUILD LOG =====
Change Dir: /Users/johanravnandersen/Desktop/Universitet/Software/Projects-skeleton/PhotoshopLite/build_opencv/CMakeFiles/CMakeTmp

Run Build Command(s):/usr/bin/make -f Makefile cmTC_9ee25/fast && /Library/Developer/CommandLineTools/usr/bin/make  -f CMakeFiles/cmTC_9ee25.dir/build.make CMakeFiles/cmTC_9ee25.dir/build
Building CXX object CMakeFiles/cmTC_9ee25.dir/cpu_avx512icl.cpp.o
/Library/Developer/CommandLineTools/usr/bin/c++   -O3 -DNDEBUG -isysroot /Library/Developer/CommandLineTools/SDKs/MacOSX13.3.sdk -fPIE -std=c++11 -MD -MT CMakeFiles/cmTC_9ee25.dir/cpu_avx512icl.cpp.o -MF CMakeFiles/cmTC_9ee25.dir/cpu_avx512icl.cpp.o.d -o CMakeFiles/cmTC_9ee25.dir/cpu_avx512icl.cpp.o -c /Users/johanravnandersen/Desktop/Universitet/Software/Projects-skeleton/PhotoshopLite/build_opencv/opencv/cmake/checks/cpu_avx512icl.cpp
/Users/johanravnandersen/Desktop/Universitet/Software/Projects-skeleton/PhotoshopLite/build_opencv/opencv/cmake/checks/cpu_avx512icl.cpp:12:2: error: "AVX512-ICL is not supported"
#error "AVX512-ICL is not supported"
 ^
1 error generated.
make[1]: *** [CMakeFiles/cmTC_9ee25.dir/cpu_avx512icl.cpp.o] Error 1
make: *** [cmTC_9ee25/fast] Error 2


===== END =====

Compilation failed:
    source file: '/Users/johanravnandersen/Desktop/Universitet/Software/Projects-skeleton/PhotoshopLite/build_opencv/CMakeFiles/CMakeTmp/src.cxx'
    check option: ''
===== BUILD LOG =====
Change Dir: /Users/johanravnandersen/Desktop/Universitet/Software/Projects-skeleton/PhotoshopLite/build_opencv/CMakeFiles/CMakeTmp

Run Build Command(s):/usr/bin/make -f Makefile cmTC_9f23a/fast && /Library/Developer/CommandLineTools/usr/bin/make  -f CMakeFiles/cmTC_9f23a.dir/build.make CMakeFiles/cmTC_9f23a.dir/build
Building CXX object CMakeFiles/cmTC_9f23a.dir/src.cxx.o
/Library/Developer/CommandLineTools/usr/bin/c++   -O3 -DNDEBUG -isysroot /Library/Developer/CommandLineTools/SDKs/MacOSX13.3.sdk -fPIE -std=c++11 -MD -MT CMakeFiles/cmTC_9f23a.dir/src.cxx.o -MF CMakeFiles/cmTC_9f23a.dir/src.cxx.o.d -o CMakeFiles/cmTC_9f23a.dir/src.cxx.o -c /Users/johanravnandersen/Desktop/Universitet/Software/Projects-skeleton/PhotoshopLite/build_opencv/CMakeFiles/CMakeTmp/src.cxx
Linking CXX executable cmTC_9f23a
/Applications/CMake.app/Contents/bin/cmake -E cmake_link_script CMakeFiles/cmTC_9f23a.dir/link.txt --verbose=1
/Library/Developer/CommandLineTools/usr/bin/c++ -O3 -DNDEBUG -isysroot /Library/Developer/CommandLineTools/SDKs/MacOSX13.3.sdk -Wl,-search_paths_first -Wl,-headerpad_max_install_names  -Wl,--as-needed  CMakeFiles/cmTC_9f23a.dir/src.cxx.o -o cmTC_9f23a 
ld: unknown option: --as-needed
clang: error: linker command failed with exit code 1 (use -v to see invocation)
make[1]: *** [cmTC_9f23a] Error 1
make: *** [cmTC_9f23a/fast] Error 2


===== END =====

Compilation failed:
    source file: '/Users/johanravnandersen/Desktop/Universitet/Software/Projects-skeleton/PhotoshopLite/build_opencv/CMakeFiles/CMakeTmp/src.cxx'
    check option: ''
===== BUILD LOG =====
Change Dir: /Users/johanravnandersen/Desktop/Universitet/Software/Projects-skeleton/PhotoshopLite/build_opencv/CMakeFiles/CMakeTmp

Run Build Command(s):/usr/bin/make -f Makefile cmTC_530dc/fast && /Library/Developer/CommandLineTools/usr/bin/make  -f CMakeFiles/cmTC_530dc.dir/build.make CMakeFiles/cmTC_530dc.dir/build
Building CXX object CMakeFiles/cmTC_530dc.dir/src.cxx.o
/Library/Developer/CommandLineTools/usr/bin/c++   -O3 -DNDEBUG -isysroot /Library/Developer/CommandLineTools/SDKs/MacOSX13.3.sdk -fPIE -std=c++11 -MD -MT CMakeFiles/cmTC_530dc.dir/src.cxx.o -MF CMakeFiles/cmTC_530dc.dir/src.cxx.o.d -o CMakeFiles/cmTC_530dc.dir/src.cxx.o -c /Users/johanravnandersen/Desktop/Universitet/Software/Projects-skeleton/PhotoshopLite/build_opencv/CMakeFiles/CMakeTmp/src.cxx
Linking CXX executable cmTC_530dc
/Applications/CMake.app/Contents/bin/cmake -E cmake_link_script CMakeFiles/cmTC_530dc.dir/link.txt --verbose=1
/Library/Developer/CommandLineTools/usr/bin/c++ -O3 -DNDEBUG -isysroot /Library/Developer/CommandLineTools/SDKs/MacOSX13.3.sdk -Wl,-search_paths_first -Wl,-headerpad_max_install_names  -Wl,--no-undefined  CMakeFiles/cmTC_530dc.dir/src.cxx.o -o cmTC_530dc 
ld: unknown option: --no-undefined
clang: error: linker command failed with exit code 1 (use -v to see invocation)
make[1]: *** [cmTC_530dc] Error 1
make: *** [cmTC_530dc/fast] Error 2


===== END =====

Determining if the include file malloc.h exists failed with the following output:
Change Dir: /Users/johanravnandersen/Desktop/Universitet/Software/Projects-skeleton/PhotoshopLite/build_opencv/CMakeFiles/CMakeScratch/TryCompile-hlTtuH

Run Build Command(s):/usr/bin/make -f Makefile cmTC_f3732/fast && /Library/Developer/CommandLineTools/usr/bin/make  -f CMakeFiles/cmTC_f3732.dir/build.make CMakeFiles/cmTC_f3732.dir/build
Building C object CMakeFiles/cmTC_f3732.dir/CheckIncludeFile.c.o
/Library/Developer/CommandLineTools/usr/bin/cc   -fsigned-char -W -Wall -Wreturn-type -Wnon-virtual-dtor -Waddress -Wsequence-point -Wformat -Wformat-security -Wmissing-declarations -Wmissing-prototypes -Wstrict-prototypes -Wundef -Winit-self -Wpointer-arith -Wshadow -Wsign-promo -Wuninitialized -Wno-delete-non-virtual-dtor -Wno-unnamed-type-template-args -Wno-comment -fdiagnostics-show-option -Wno-long-long -Qunused-arguments -Wno-semicolon-before-method-body -ffunction-sections -fdata-sections  -fvisibility=hidden -fvisibility-inlines-hidden  -O3 -DNDEBUG  -DNDEBUG -isysroot /Library/Developer/CommandLineTools/SDKs/MacOSX13.3.sdk -fPIE -MD -MT CMakeFiles/cmTC_f3732.dir/CheckIncludeFile.c.o -MF CMakeFiles/cmTC_f3732.dir/CheckIncludeFile.c.o.d -o CMakeFiles/cmTC_f3732.dir/CheckIncludeFile.c.o -c /Users/johanravnandersen/Desktop/Universitet/Software/Projects-skeleton/PhotoshopLite/build_opencv/CMakeFiles/CMakeScratch/TryCompile-hlTtuH/CheckIncludeFile.c
/Users/johanravnandersen/Desktop/Universitet/Software/Projects-skeleton/PhotoshopLite/build_opencv/CMakeFiles/CMakeScratch/TryCompile-hlTtuH/CheckIncludeFile.c:1:10: fatal error: 'malloc.h' file not found
#include <malloc.h>
         ^~~~~~~~~~
1 error generated.
make[1]: *** [CMakeFiles/cmTC_f3732.dir/CheckIncludeFile.c.o] Error 1
make: *** [cmTC_f3732/fast] Error 2



Determining size of off64_t failed with the following output:
Change Dir: /Users/johanravnandersen/Desktop/Universitet/Software/Projects-skeleton/PhotoshopLite/build_opencv/CMakeFiles/CMakeScratch/TryCompile-2wZG5i

Run Build Command(s):/usr/bin/make -f Makefile cmTC_f5524/fast && /Library/Developer/CommandLineTools/usr/bin/make  -f CMakeFiles/cmTC_f5524.dir/build.make CMakeFiles/cmTC_f5524.dir/build
Building C object CMakeFiles/cmTC_f5524.dir/OFF64_T.c.o
/Library/Developer/CommandLineTools/usr/bin/cc   -fsigned-char -W -Wall -Wreturn-type -Wnon-virtual-dtor -Waddress -Wsequence-point -Wformat -Wformat-security -Wmissing-declarations -Wmissing-prototypes -Wstrict-prototypes -Wundef -Winit-self -Wpointer-arith -Wshadow -Wsign-promo -Wuninitialized -Wno-delete-non-virtual-dtor -Wno-unnamed-type-template-args -Wno-comment -fdiagnostics-show-option -Wno-long-long -Qunused-arguments -Wno-semicolon-before-method-body -ffunction-sections -fdata-sections  -fvisibility=hidden -fvisibility-inlines-hidden  -O3 -DNDEBUG  -DNDEBUG -isysroot /Library/Developer/CommandLineTools/SDKs/MacOSX13.3.sdk -fPIE -MD -MT CMakeFiles/cmTC_f5524.dir/OFF64_T.c.o -MF CMakeFiles/cmTC_f5524.dir/OFF64_T.c.o.d -o CMakeFiles/cmTC_f5524.dir/OFF64_T.c.o -c /Users/johanravnandersen/Desktop/Universitet/Software/Projects-skeleton/PhotoshopLite/build_opencv/CMakeFiles/CMakeScratch/TryCompile-2wZG5i/OFF64_T.c
/Users/johanravnandersen/Desktop/Universitet/Software/Projects-skeleton/PhotoshopLite/build_opencv/CMakeFiles/CMakeScratch/TryCompile-2wZG5i/OFF64_T.c:29:12: error: use of undeclared identifier 'off64_t'
  ('0' + ((SIZE / 10000)%10)),
           ^
/Users/johanravnandersen/Desktop/Universitet/Software/Projects-skeleton/PhotoshopLite/build_opencv/CMakeFiles/CMakeScratch/TryCompile-2wZG5i/OFF64_T.c:27:22: note: expanded from macro 'SIZE'
#define SIZE (sizeof(off64_t))
                     ^
/Users/johanravnandersen/Desktop/Universitet/Software/Projects-skeleton/PhotoshopLite/build_opencv/CMakeFiles/CMakeScratch/TryCompile-2wZG5i/OFF64_T.c:30:12: error: use of undeclared identifier 'off64_t'
  ('0' + ((SIZE / 1000)%10)),
           ^
/Users/johanravnandersen/Desktop/Universitet/Software/Projects-skeleton/PhotoshopLite/build_opencv/CMakeFiles/CMakeScratch/TryCompile-2wZG5i/OFF64_T.c:27:22: note: expanded from macro 'SIZE'
#define SIZE (sizeof(off64_t))
                     ^
/Users/johanravnandersen/Desktop/Universitet/Software/Projects-skeleton/PhotoshopLite/build_opencv/CMakeFiles/CMakeScratch/TryCompile-2wZG5i/OFF64_T.c:31:12: error: use of undeclared identifier 'off64_t'
  ('0' + ((SIZE / 100)%10)),
           ^
/Users/johanravnandersen/Desktop/Universitet/Software/Projects-skeleton/PhotoshopLite/build_opencv/CMakeFiles/CMakeScratch/TryCompile-2wZG5i/OFF64_T.c:27:22: note: expanded from macro 'SIZE'
#define SIZE (sizeof(off64_t))
                     ^
/Users/johanravnandersen/Desktop/Universitet/Software/Projects-skeleton/PhotoshopLite/build_opencv/CMakeFiles/CMakeScratch/TryCompile-2wZG5i/OFF64_T.c:32:12: error: use of undeclared identifier 'off64_t'
  ('0' + ((SIZE / 10)%10)),
           ^
/Users/johanravnandersen/Desktop/Universitet/Software/Projects-skeleton/PhotoshopLite/build_opencv/CMakeFiles/CMakeScratch/TryCompile-2wZG5i/OFF64_T.c:27:22: note: expanded from macro 'SIZE'
#define SIZE (sizeof(off64_t))
                     ^
/Users/johanravnandersen/Desktop/Universitet/Software/Projects-skeleton/PhotoshopLite/build_opencv/CMakeFiles/CMakeScratch/TryCompile-2wZG5i/OFF64_T.c:33:12: error: use of undeclared identifier 'off64_t'
  ('0' +  (SIZE    % 10)),
           ^
/Users/johanravnandersen/Desktop/Universitet/Software/Projects-skeleton/PhotoshopLite/build_opencv/CMakeFiles/CMakeScratch/TryCompile-2wZG5i/OFF64_T.c:27:22: note: expanded from macro 'SIZE'
#define SIZE (sizeof(off64_t))
                     ^
5 errors generated.
make[1]: *** [CMakeFiles/cmTC_f5524.dir/OFF64_T.c.o] Error 1
make: *** [cmTC_f5524/fast] Error 2


OFF64_T.c:
#include <sys/types.h>
#include <stdint.h>
#include <stddef.h>


#undef KEY
#if defined(__i386)
# define KEY '_','_','i','3','8','6'
#elif defined(__x86_64)
# define KEY '_','_','x','8','6','_','6','4'
#elif defined(__PPC64__)
# define KEY '_','_','P','P','C','6','4','_','_'
#elif defined(__ppc64__)
# define KEY '_','_','p','p','c','6','4','_','_'
#elif defined(__PPC__)
# define KEY '_','_','P','P','C','_','_'
#elif defined(__ppc__)
# define KEY '_','_','p','p','c','_','_'
#elif defined(__aarch64__)
# define KEY '_','_','a','a','r','c','h','6','4','_','_'
#elif defined(__ARM_ARCH_7A__)
# define KEY '_','_','A','R','M','_','A','R','C','H','_','7','A','_','_'
#elif defined(__ARM_ARCH_7S__)
# define KEY '_','_','A','R','M','_','A','R','C','H','_','7','S','_','_'
#endif

#define SIZE (sizeof(off64_t))
static char info_size[] =  {'I', 'N', 'F', 'O', ':', 's','i','z','e','[',
  ('0' + ((SIZE / 10000)%10)),
  ('0' + ((SIZE / 1000)%10)),
  ('0' + ((SIZE / 100)%10)),
  ('0' + ((SIZE / 10)%10)),
  ('0' +  (SIZE    % 10)),
  ']',
#ifdef KEY
  ' ','k','e','y','[', KEY, ']',
#endif
  '\0'};

#ifdef __CLASSIC_C__
int main(argc, argv) int argc; char *argv[];
#else
int main(int argc, char *argv[])
#endif
{
  int require = 0;
  require += info_size[argc];
  (void)argv;
  return require;
}


Looking for a ASM_NASM compiler failed with the following output:
-- The ASM_NASM compiler identification is unknown
-- Didn't find assembler
CMake Error at CMakeLists.txt:2 (project):
  No CMAKE_ASM_NASM_COMPILER could be found.

  Tell CMake where to find the compiler by setting either the environment
  variable "ASM_NASM" or the CMake cache entry CMAKE_ASM_NASM_COMPILER to the
  full path to the compiler, or to the compiler name if it is in the PATH.


-- Configuring incomplete, errors occurred!
See also "/Users/johanravnandersen/Desktop/Universitet/Software/Projects-skeleton/PhotoshopLite/build_opencv/3rdparty/libjpeg-turbo/src/simd/CMakeFiles/CheckASM_NASM/CMakeFiles/CMakeOutput.log".
See also "/Users/johanravnandersen/Desktop/Universitet/Software/Projects-skeleton/PhotoshopLite/build_opencv/3rdparty/libjpeg-turbo/src/simd/CMakeFiles/CheckASM_NASM/CMakeFiles/CMakeError.log".

Determining if the include file io.h exists failed with the following output:
Change Dir: /Users/johanravnandersen/Desktop/Universitet/Software/Projects-skeleton/PhotoshopLite/build_opencv/CMakeFiles/CMakeScratch/TryCompile-tRCXvu

Run Build Command(s):/usr/bin/make -f Makefile cmTC_0b60e/fast && /Library/Developer/CommandLineTools/usr/bin/make  -f CMakeFiles/cmTC_0b60e.dir/build.make CMakeFiles/cmTC_0b60e.dir/build
Building C object CMakeFiles/cmTC_0b60e.dir/CheckIncludeFile.c.o
/Library/Developer/CommandLineTools/usr/bin/cc   -fsigned-char -W -Wall -Wreturn-type -Wnon-virtual-dtor -Waddress -Wsequence-point -Wformat -Wformat-security -Wmissing-declarations -Wmissing-prototypes -Wstrict-prototypes -Wundef -Winit-self -Wpointer-arith -Wshadow -Wsign-promo -Wuninitialized -Wno-delete-non-virtual-dtor -Wno-unnamed-type-template-args -Wno-comment -fdiagnostics-show-option -Wno-long-long -Qunused-arguments -Wno-semicolon-before-method-body -ffunction-sections -fdata-sections  -fvisibility=hidden -fvisibility-inlines-hidden  -O3 -DNDEBUG  -DNDEBUG -isysroot /Library/Developer/CommandLineTools/SDKs/MacOSX13.3.sdk -fPIE -MD -MT CMakeFiles/cmTC_0b60e.dir/CheckIncludeFile.c.o -MF CMakeFiles/cmTC_0b60e.dir/CheckIncludeFile.c.o.d -o CMakeFiles/cmTC_0b60e.dir/CheckIncludeFile.c.o -c /Users/johanravnandersen/Desktop/Universitet/Software/Projects-skeleton/PhotoshopLite/build_opencv/CMakeFiles/CMakeScratch/TryCompile-tRCXvu/CheckIncludeFile.c
/Users/johanravnandersen/Desktop/Universitet/Software/Projects-skeleton/PhotoshopLite/build_opencv/CMakeFiles/CMakeScratch/TryCompile-tRCXvu/CheckIncludeFile.c:1:10: fatal error: 'io.h' file not found
#include <io.h>
         ^~~~~~
1 error generated.
make[1]: *** [CMakeFiles/cmTC_0b60e.dir/CheckIncludeFile.c.o] Error 1
make: *** [cmTC_0b60e/fast] Error 2



Determining size of INT8 failed with the following output:
Change Dir: /Users/johanravnandersen/Desktop/Universitet/Software/Projects-skeleton/PhotoshopLite/build_opencv/CMakeFiles/CMakeScratch/TryCompile-vHLkI2

Run Build Command(s):/usr/bin/make -f Makefile cmTC_241dc/fast && /Library/Developer/CommandLineTools/usr/bin/make  -f CMakeFiles/cmTC_241dc.dir/build.make CMakeFiles/cmTC_241dc.dir/build
Building C object CMakeFiles/cmTC_241dc.dir/int8.c.o
/Library/Developer/CommandLineTools/usr/bin/cc   -fsigned-char -W -Wall -Wreturn-type -Wnon-virtual-dtor -Waddress -Wsequence-point -Wformat -Wformat-security -Wmissing-declarations -Wmissing-prototypes -Wstrict-prototypes -Wundef -Winit-self -Wpointer-arith -Wshadow -Wsign-promo -Wuninitialized -Wno-delete-non-virtual-dtor -Wno-unnamed-type-template-args -Wno-comment -fdiagnostics-show-option -Wno-long-long -Qunused-arguments -Wno-semicolon-before-method-body -ffunction-sections -fdata-sections  -fvisibility=hidden -fvisibility-inlines-hidden  -O3 -DNDEBUG  -DNDEBUG -isysroot /Library/Developer/CommandLineTools/SDKs/MacOSX13.3.sdk -fPIE -MD -MT CMakeFiles/cmTC_241dc.dir/int8.c.o -MF CMakeFiles/cmTC_241dc.dir/int8.c.o.d -o CMakeFiles/cmTC_241dc.dir/int8.c.o -c /Users/johanravnandersen/Desktop/Universitet/Software/Projects-skeleton/PhotoshopLite/build_opencv/CMakeFiles/CMakeScratch/TryCompile-vHLkI2/int8.c
/Users/johanravnandersen/Desktop/Universitet/Software/Projects-skeleton/PhotoshopLite/build_opencv/CMakeFiles/CMakeScratch/TryCompile-vHLkI2/int8.c:29:12: error: use of undeclared identifier 'INT8'
  ('0' + ((SIZE / 10000)%10)),
           ^
/Users/johanravnandersen/Desktop/Universitet/Software/Projects-skeleton/PhotoshopLite/build_opencv/CMakeFiles/CMakeScratch/TryCompile-vHLkI2/int8.c:27:22: note: expanded from macro 'SIZE'
#define SIZE (sizeof(INT8))
                     ^
/Users/johanravnandersen/Desktop/Universitet/Software/Projects-skeleton/PhotoshopLite/build_opencv/CMakeFiles/CMakeScratch/TryCompile-vHLkI2/int8.c:30:12: error: use of undeclared identifier 'INT8'
  ('0' + ((SIZE / 1000)%10)),
           ^
/Users/johanravnandersen/Desktop/Universitet/Software/Projects-skeleton/PhotoshopLite/build_opencv/CMakeFiles/CMakeScratch/TryCompile-vHLkI2/int8.c:27:22: note: expanded from macro 'SIZE'
#define SIZE (sizeof(INT8))
                     ^
/Users/johanravnandersen/Desktop/Universitet/Software/Projects-skeleton/PhotoshopLite/build_opencv/CMakeFiles/CMakeScratch/TryCompile-vHLkI2/int8.c:31:12: error: use of undeclared identifier 'INT8'
  ('0' + ((SIZE / 100)%10)),
           ^
/Users/johanravnandersen/Desktop/Universitet/Software/Projects-skeleton/PhotoshopLite/build_opencv/CMakeFiles/CMakeScratch/TryCompile-vHLkI2/int8.c:27:22: note: expanded from macro 'SIZE'
#define SIZE (sizeof(INT8))
                     ^
/Users/johanravnandersen/Desktop/Universitet/Software/Projects-skeleton/PhotoshopLite/build_opencv/CMakeFiles/CMakeScratch/TryCompile-vHLkI2/int8.c:32:12: error: use of undeclared identifier 'INT8'
  ('0' + ((SIZE / 10)%10)),
           ^
/Users/johanravnandersen/Desktop/Universitet/Software/Projects-skeleton/PhotoshopLite/build_opencv/CMakeFiles/CMakeScratch/TryCompile-vHLkI2/int8.c:27:22: note: expanded from macro 'SIZE'
#define SIZE (sizeof(INT8))
                     ^
/Users/johanravnandersen/Desktop/Universitet/Software/Projects-skeleton/PhotoshopLite/build_opencv/CMakeFiles/CMakeScratch/TryCompile-vHLkI2/int8.c:33:12: error: use of undeclared identifier 'INT8'
  ('0' +  (SIZE    % 10)),
           ^
/Users/johanravnandersen/Desktop/Universitet/Software/Projects-skeleton/PhotoshopLite/build_opencv/CMakeFiles/CMakeScratch/TryCompile-vHLkI2/int8.c:27:22: note: expanded from macro 'SIZE'
#define SIZE (sizeof(INT8))
                     ^
5 errors generated.
make[1]: *** [CMakeFiles/cmTC_241dc.dir/int8.c.o] Error 1
make: *** [cmTC_241dc/fast] Error 2


int8.c:
#include <sys/types.h>
#include <stdint.h>
#include <stddef.h>


#undef KEY
#if defined(__i386)
# define KEY '_','_','i','3','8','6'
#elif defined(__x86_64)
# define KEY '_','_','x','8','6','_','6','4'
#elif defined(__PPC64__)
# define KEY '_','_','P','P','C','6','4','_','_'
#elif defined(__ppc64__)
# define KEY '_','_','p','p','c','6','4','_','_'
#elif defined(__PPC__)
# define KEY '_','_','P','P','C','_','_'
#elif defined(__ppc__)
# define KEY '_','_','p','p','c','_','_'
#elif defined(__aarch64__)
# define KEY '_','_','a','a','r','c','h','6','4','_','_'
#elif defined(__ARM_ARCH_7A__)
# define KEY '_','_','A','R','M','_','A','R','C','H','_','7','A','_','_'
#elif defined(__ARM_ARCH_7S__)
# define KEY '_','_','A','R','M','_','A','R','C','H','_','7','S','_','_'
#endif

#define SIZE (sizeof(INT8))
static char info_size[] =  {'I', 'N', 'F', 'O', ':', 's','i','z','e','[',
  ('0' + ((SIZE / 10000)%10)),
  ('0' + ((SIZE / 1000)%10)),
  ('0' + ((SIZE / 100)%10)),
  ('0' + ((SIZE / 10)%10)),
  ('0' +  (SIZE    % 10)),
  ']',
#ifdef KEY
  ' ','k','e','y','[', KEY, ']',
#endif
  '\0'};

#ifdef __CLASSIC_C__
int main(argc, argv) int argc; char *argv[];
#else
int main(int argc, char *argv[])
#endif
{
  int require = 0;
  require += info_size[argc];
  (void)argv;
  return require;
}


Determining size of INT16 failed with the following output:
Change Dir: /Users/johanravnandersen/Desktop/Universitet/Software/Projects-skeleton/PhotoshopLite/build_opencv/CMakeFiles/CMakeScratch/TryCompile-amPK9M

Run Build Command(s):/usr/bin/make -f Makefile cmTC_d9c46/fast && /Library/Developer/CommandLineTools/usr/bin/make  -f CMakeFiles/cmTC_d9c46.dir/build.make CMakeFiles/cmTC_d9c46.dir/build
Building C object CMakeFiles/cmTC_d9c46.dir/int16.c.o
/Library/Developer/CommandLineTools/usr/bin/cc   -fsigned-char -W -Wall -Wreturn-type -Wnon-virtual-dtor -Waddress -Wsequence-point -Wformat -Wformat-security -Wmissing-declarations -Wmissing-prototypes -Wstrict-prototypes -Wundef -Winit-self -Wpointer-arith -Wshadow -Wsign-promo -Wuninitialized -Wno-delete-non-virtual-dtor -Wno-unnamed-type-template-args -Wno-comment -fdiagnostics-show-option -Wno-long-long -Qunused-arguments -Wno-semicolon-before-method-body -ffunction-sections -fdata-sections  -fvisibility=hidden -fvisibility-inlines-hidden  -O3 -DNDEBUG  -DNDEBUG -isysroot /Library/Developer/CommandLineTools/SDKs/MacOSX13.3.sdk -fPIE -MD -MT CMakeFiles/cmTC_d9c46.dir/int16.c.o -MF CMakeFiles/cmTC_d9c46.dir/int16.c.o.d -o CMakeFiles/cmTC_d9c46.dir/int16.c.o -c /Users/johanravnandersen/Desktop/Universitet/Software/Projects-skeleton/PhotoshopLite/build_opencv/CMakeFiles/CMakeScratch/TryCompile-amPK9M/int16.c
/Users/johanravnandersen/Desktop/Universitet/Software/Projects-skeleton/PhotoshopLite/build_opencv/CMakeFiles/CMakeScratch/TryCompile-amPK9M/int16.c:29:12: error: use of undeclared identifier 'INT16'
  ('0' + ((SIZE / 10000)%10)),
           ^
/Users/johanravnandersen/Desktop/Universitet/Software/Projects-skeleton/PhotoshopLite/build_opencv/CMakeFiles/CMakeScratch/TryCompile-amPK9M/int16.c:27:22: note: expanded from macro 'SIZE'
#define SIZE (sizeof(INT16))
                     ^
/Users/johanravnandersen/Desktop/Universitet/Software/Projects-skeleton/PhotoshopLite/build_opencv/CMakeFiles/CMakeScratch/TryCompile-amPK9M/int16.c:30:12: error: use of undeclared identifier 'INT16'
  ('0' + ((SIZE / 1000)%10)),
           ^
/Users/johanravnandersen/Desktop/Universitet/Software/Projects-skeleton/PhotoshopLite/build_opencv/CMakeFiles/CMakeScratch/TryCompile-amPK9M/int16.c:27:22: note: expanded from macro 'SIZE'
#define SIZE (sizeof(INT16))
                     ^
/Users/johanravnandersen/Desktop/Universitet/Software/Projects-skeleton/PhotoshopLite/build_opencv/CMakeFiles/CMakeScratch/TryCompile-amPK9M/int16.c:31:12: error: use of undeclared identifier 'INT16'
  ('0' + ((SIZE / 100)%10)),
           ^
/Users/johanravnandersen/Desktop/Universitet/Software/Projects-skeleton/PhotoshopLite/build_opencv/CMakeFiles/CMakeScratch/TryCompile-amPK9M/int16.c:27:22: note: expanded from macro 'SIZE'
#define SIZE (sizeof(INT16))
                     ^
/Users/johanravnandersen/Desktop/Universitet/Software/Projects-skeleton/PhotoshopLite/build_opencv/CMakeFiles/CMakeScratch/TryCompile-amPK9M/int16.c:32:12: error: use of undeclared identifier 'INT16'
  ('0' + ((SIZE / 10)%10)),
           ^
/Users/johanravnandersen/Desktop/Universitet/Software/Projects-skeleton/PhotoshopLite/build_opencv/CMakeFiles/CMakeScratch/TryCompile-amPK9M/int16.c:27:22: note: expanded from macro 'SIZE'
#define SIZE (sizeof(INT16))
                     ^
/Users/johanravnandersen/Desktop/Universitet/Software/Projects-skeleton/PhotoshopLite/build_opencv/CMakeFiles/CMakeScratch/TryCompile-amPK9M/int16.c:33:12: error: use of undeclared identifier 'INT16'
  ('0' +  (SIZE    % 10)),
           ^
/Users/johanravnandersen/Desktop/Universitet/Software/Projects-skeleton/PhotoshopLite/build_opencv/CMakeFiles/CMakeScratch/TryCompile-amPK9M/int16.c:27:22: note: expanded from macro 'SIZE'
#define SIZE (sizeof(INT16))
                     ^
5 errors generated.
make[1]: *** [CMakeFiles/cmTC_d9c46.dir/int16.c.o] Error 1
make: *** [cmTC_d9c46/fast] Error 2


int16.c:
#include <sys/types.h>
#include <stdint.h>
#include <stddef.h>


#undef KEY
#if defined(__i386)
# define KEY '_','_','i','3','8','6'
#elif defined(__x86_64)
# define KEY '_','_','x','8','6','_','6','4'
#elif defined(__PPC64__)
# define KEY '_','_','P','P','C','6','4','_','_'
#elif defined(__ppc64__)
# define KEY '_','_','p','p','c','6','4','_','_'
#elif defined(__PPC__)
# define KEY '_','_','P','P','C','_','_'
#elif defined(__ppc__)
# define KEY '_','_','p','p','c','_','_'
#elif defined(__aarch64__)
# define KEY '_','_','a','a','r','c','h','6','4','_','_'
#elif defined(__ARM_ARCH_7A__)
# define KEY '_','_','A','R','M','_','A','R','C','H','_','7','A','_','_'
#elif defined(__ARM_ARCH_7S__)
# define KEY '_','_','A','R','M','_','A','R','C','H','_','7','S','_','_'
#endif

#define SIZE (sizeof(INT16))
static char info_size[] =  {'I', 'N', 'F', 'O', ':', 's','i','z','e','[',
  ('0' + ((SIZE / 10000)%10)),
  ('0' + ((SIZE / 1000)%10)),
  ('0' + ((SIZE / 100)%10)),
  ('0' + ((SIZE / 10)%10)),
  ('0' +  (SIZE    % 10)),
  ']',
#ifdef KEY
  ' ','k','e','y','[', KEY, ']',
#endif
  '\0'};

#ifdef __CLASSIC_C__
int main(argc, argv) int argc; char *argv[];
#else
int main(int argc, char *argv[])
#endif
{
  int require = 0;
  require += info_size[argc];
  (void)argv;
  return require;
}


Determining size of INT32 failed with the following output:
Change Dir: /Users/johanravnandersen/Desktop/Universitet/Software/Projects-skeleton/PhotoshopLite/build_opencv/CMakeFiles/CMakeScratch/TryCompile-a3EyBZ

Run Build Command(s):/usr/bin/make -f Makefile cmTC_ceab6/fast && /Library/Developer/CommandLineTools/usr/bin/make  -f CMakeFiles/cmTC_ceab6.dir/build.make CMakeFiles/cmTC_ceab6.dir/build
Building C object CMakeFiles/cmTC_ceab6.dir/int32.c.o
/Library/Developer/CommandLineTools/usr/bin/cc   -fsigned-char -W -Wall -Wreturn-type -Wnon-virtual-dtor -Waddress -Wsequence-point -Wformat -Wformat-security -Wmissing-declarations -Wmissing-prototypes -Wstrict-prototypes -Wundef -Winit-self -Wpointer-arith -Wshadow -Wsign-promo -Wuninitialized -Wno-delete-non-virtual-dtor -Wno-unnamed-type-template-args -Wno-comment -fdiagnostics-show-option -Wno-long-long -Qunused-arguments -Wno-semicolon-before-method-body -ffunction-sections -fdata-sections  -fvisibility=hidden -fvisibility-inlines-hidden  -O3 -DNDEBUG  -DNDEBUG -isysroot /Library/Developer/CommandLineTools/SDKs/MacOSX13.3.sdk -fPIE -MD -MT CMakeFiles/cmTC_ceab6.dir/int32.c.o -MF CMakeFiles/cmTC_ceab6.dir/int32.c.o.d -o CMakeFiles/cmTC_ceab6.dir/int32.c.o -c /Users/johanravnandersen/Desktop/Universitet/Software/Projects-skeleton/PhotoshopLite/build_opencv/CMakeFiles/CMakeScratch/TryCompile-a3EyBZ/int32.c
/Users/johanravnandersen/Desktop/Universitet/Software/Projects-skeleton/PhotoshopLite/build_opencv/CMakeFiles/CMakeScratch/TryCompile-a3EyBZ/int32.c:29:12: error: use of undeclared identifier 'INT32'
  ('0' + ((SIZE / 10000)%10)),
           ^
/Users/johanravnandersen/Desktop/Universitet/Software/Projects-skeleton/PhotoshopLite/build_opencv/CMakeFiles/CMakeScratch/TryCompile-a3EyBZ/int32.c:27:22: note: expanded from macro 'SIZE'
#define SIZE (sizeof(INT32))
                     ^
/Users/johanravnandersen/Desktop/Universitet/Software/Projects-skeleton/PhotoshopLite/build_opencv/CMakeFiles/CMakeScratch/TryCompile-a3EyBZ/int32.c:30:12: error: use of undeclared identifier 'INT32'
  ('0' + ((SIZE / 1000)%10)),
           ^
/Users/johanravnandersen/Desktop/Universitet/Software/Projects-skeleton/PhotoshopLite/build_opencv/CMakeFiles/CMakeScratch/TryCompile-a3EyBZ/int32.c:27:22: note: expanded from macro 'SIZE'
#define SIZE (sizeof(INT32))
                     ^
/Users/johanravnandersen/Desktop/Universitet/Software/Projects-skeleton/PhotoshopLite/build_opencv/CMakeFiles/CMakeScratch/TryCompile-a3EyBZ/int32.c:31:12: error: use of undeclared identifier 'INT32'
  ('0' + ((SIZE / 100)%10)),
           ^
/Users/johanravnandersen/Desktop/Universitet/Software/Projects-skeleton/PhotoshopLite/build_opencv/CMakeFiles/CMakeScratch/TryCompile-a3EyBZ/int32.c:27:22: note: expanded from macro 'SIZE'
#define SIZE (sizeof(INT32))
                     ^
/Users/johanravnandersen/Desktop/Universitet/Software/Projects-skeleton/PhotoshopLite/build_opencv/CMakeFiles/CMakeScratch/TryCompile-a3EyBZ/int32.c:32:12: error: use of undeclared identifier 'INT32'
  ('0' + ((SIZE / 10)%10)),
           ^
/Users/johanravnandersen/Desktop/Universitet/Software/Projects-skeleton/PhotoshopLite/build_opencv/CMakeFiles/CMakeScratch/TryCompile-a3EyBZ/int32.c:27:22: note: expanded from macro 'SIZE'
#define SIZE (sizeof(INT32))
                     ^
/Users/johanravnandersen/Desktop/Universitet/Software/Projects-skeleton/PhotoshopLite/build_opencv/CMakeFiles/CMakeScratch/TryCompile-a3EyBZ/int32.c:33:12: error: use of undeclared identifier 'INT32'
  ('0' +  (SIZE    % 10)),
           ^
/Users/johanravnandersen/Desktop/Universitet/Software/Projects-skeleton/PhotoshopLite/build_opencv/CMakeFiles/CMakeScratch/TryCompile-a3EyBZ/int32.c:27:22: note: expanded from macro 'SIZE'
#define SIZE (sizeof(INT32))
                     ^
5 errors generated.
make[1]: *** [CMakeFiles/cmTC_ceab6.dir/int32.c.o] Error 1
make: *** [cmTC_ceab6/fast] Error 2


int32.c:
#include <sys/types.h>
#include <stdint.h>
#include <stddef.h>


#undef KEY
#if defined(__i386)
# define KEY '_','_','i','3','8','6'
#elif defined(__x86_64)
# define KEY '_','_','x','8','6','_','6','4'
#elif defined(__PPC64__)
# define KEY '_','_','P','P','C','6','4','_','_'
#elif defined(__ppc64__)
# define KEY '_','_','p','p','c','6','4','_','_'
#elif defined(__PPC__)
# define KEY '_','_','P','P','C','_','_'
#elif defined(__ppc__)
# define KEY '_','_','p','p','c','_','_'
#elif defined(__aarch64__)
# define KEY '_','_','a','a','r','c','h','6','4','_','_'
#elif defined(__ARM_ARCH_7A__)
# define KEY '_','_','A','R','M','_','A','R','C','H','_','7','A','_','_'
#elif defined(__ARM_ARCH_7S__)
# define KEY '_','_','A','R','M','_','A','R','C','H','_','7','S','_','_'
#endif

#define SIZE (sizeof(INT32))
static char info_size[] =  {'I', 'N', 'F', 'O', ':', 's','i','z','e','[',
  ('0' + ((SIZE / 10000)%10)),
  ('0' + ((SIZE / 1000)%10)),
  ('0' + ((SIZE / 100)%10)),
  ('0' + ((SIZE / 10)%10)),
  ('0' +  (SIZE    % 10)),
  ']',
#ifdef KEY
  ' ','k','e','y','[', KEY, ']',
#endif
  '\0'};

#ifdef __CLASSIC_C__
int main(argc, argv) int argc; char *argv[];
#else
int main(int argc, char *argv[])
#endif
{
  int require = 0;
  require += info_size[argc];
  (void)argv;
  return require;
}


Build output check failed:
    Regex: 'unknown .*option'
    Output line: 'warning: unknown warning option '-Wno-maybe-uninitialized', did you mean '-Wno-uninitialized'? [-Wunknown-warning-option]'
Compilation failed:
    source file: '/Users/johanravnandersen/Desktop/Universitet/Software/Projects-skeleton/PhotoshopLite/build_opencv/CMakeFiles/CMakeTmp/src.c'
    check option: ' -Wno-maybe-uninitialized'
===== BUILD LOG =====
Change Dir: /Users/johanravnandersen/Desktop/Universitet/Software/Projects-skeleton/PhotoshopLite/build_opencv/CMakeFiles/CMakeTmp

Run Build Command(s):/usr/bin/make -f Makefile cmTC_aaa1d/fast && /Library/Developer/CommandLineTools/usr/bin/make  -f CMakeFiles/cmTC_aaa1d.dir/build.make CMakeFiles/cmTC_aaa1d.dir/build
Building C object CMakeFiles/cmTC_aaa1d.dir/src.c.o
/Library/Developer/CommandLineTools/usr/bin/cc   -fsigned-char -W -Wall -Wreturn-type -Wnon-virtual-dtor -Waddress -Wsequence-point -Wformat -Wformat-security -Wstrict-prototypes -Winit-self -Wpointer-arith -Wsign-promo -Wuninitialized -Wno-delete-non-virtual-dtor -Wno-unnamed-type-template-args -Wno-comment -fdiagnostics-show-option -Wno-long-long -Qunused-arguments -Wno-semicolon-before-method-body -ffunction-sections -fdata-sections  -fvisibility=hidden -fvisibility-inlines-hidden -Wno-unused-but-set-variable -Wno-missing-prototypes -Wno-missing-declarations -Wno-undef -Wno-unused -Wno-sign-compare -Wno-cast-align -Wno-shadow  -O3 -DNDEBUG  -DNDEBUG -isysroot /Library/Developer/CommandLineTools/SDKs/MacOSX13.3.sdk -fPIE    -Wno-maybe-uninitialized -MD -MT CMakeFiles/cmTC_aaa1d.dir/src.c.o -MF CMakeFiles/cmTC_aaa1d.dir/src.c.o.d -o CMakeFiles/cmTC_aaa1d.dir/src.c.o -c /Users/johanravnandersen/Desktop/Universitet/Software/Projects-skeleton/PhotoshopLite/build_opencv/CMakeFiles/CMakeTmp/src.c
warning: unknown warning option '-Wno-maybe-uninitialized'; did you mean '-Wno-uninitialized'? [-Wunknown-warning-option]
/Users/johanravnandersen/Desktop/Universitet/Software/Projects-skeleton/PhotoshopLite/build_opencv/CMakeFiles/CMakeTmp/src.c:1:8: warning: unknown pragma ignored [-Wunknown-pragmas]
#pragma
       ^
2 warnings generated.
Linking C executable cmTC_aaa1d
/Applications/CMake.app/Contents/bin/cmake -E cmake_link_script CMakeFiles/cmTC_aaa1d.dir/link.txt --verbose=1
/Library/Developer/CommandLineTools/usr/bin/cc    -fsigned-char -W -Wall -Wreturn-type -Wnon-virtual-dtor -Waddress -Wsequence-point -Wformat -Wformat-security -Wstrict-prototypes -Winit-self -Wpointer-arith -Wsign-promo -Wuninitialized -Wno-delete-non-virtual-dtor -Wno-unnamed-type-template-args -Wno-comment -fdiagnostics-show-option -Wno-long-long -Qunused-arguments -Wno-semicolon-before-method-body -ffunction-sections -fdata-sections  -fvisibility=hidden -fvisibility-inlines-hidden -Wno-unused-but-set-variable -Wno-missing-prototypes -Wno-missing-declarations -Wno-undef -Wno-unused -Wno-sign-compare -Wno-cast-align -Wno-shadow  -O3 -DNDEBUG  -DNDEBUG -isysroot /Library/Developer/CommandLineTools/SDKs/MacOSX13.3.sdk -Wl,-search_paths_first -Wl,-headerpad_max_install_names   -Wl,-dead_strip  CMakeFiles/cmTC_aaa1d.dir/src.c.o -o cmTC_aaa1d 


===== END =====

Build output check failed:
    Regex: 'unknown .*option'
    Output line: 'warning: unknown warning option '-Wno-array-parameter', did you mean '-Wno-unused-parameter'? [-Wunknown-warning-option]'
Compilation failed:
    source file: '/Users/johanravnandersen/Desktop/Universitet/Software/Projects-skeleton/PhotoshopLite/build_opencv/CMakeFiles/CMakeTmp/src.c'
    check option: ' -Wno-array-parameter'
===== BUILD LOG =====
Change Dir: /Users/johanravnandersen/Desktop/Universitet/Software/Projects-skeleton/PhotoshopLite/build_opencv/CMakeFiles/CMakeTmp

Run Build Command(s):/usr/bin/make -f Makefile cmTC_ae043/fast && /Library/Developer/CommandLineTools/usr/bin/make  -f CMakeFiles/cmTC_ae043.dir/build.make CMakeFiles/cmTC_ae043.dir/build
Building C object CMakeFiles/cmTC_ae043.dir/src.c.o
/Library/Developer/CommandLineTools/usr/bin/cc   -fsigned-char -W -Wall -Wreturn-type -Wnon-virtual-dtor -Waddress -Wsequence-point -Wformat -Wformat-security -Wstrict-prototypes -Winit-self -Wpointer-arith -Wsign-promo -Wuninitialized -Wno-delete-non-virtual-dtor -Wno-unnamed-type-template-args -Wno-comment -fdiagnostics-show-option -Wno-long-long -Qunused-arguments -Wno-semicolon-before-method-body -ffunction-sections -fdata-sections  -fvisibility=hidden -fvisibility-inlines-hidden -Wno-unused-but-set-variable -Wno-missing-prototypes -Wno-missing-declarations -Wno-undef -Wno-unused -Wno-sign-compare -Wno-cast-align -Wno-shadow -Wno-pointer-to-int-cast -Wno-int-to-pointer-cast -Wno-misleading-indentation -Wno-implicit-fallthrough -Wno-unused-parameter  -O3 -DNDEBUG  -DNDEBUG -isysroot /Library/Developer/CommandLineTools/SDKs/MacOSX13.3.sdk -fPIE    -Wno-array-parameter -MD -MT CMakeFiles/cmTC_ae043.dir/src.c.o -MF CMakeFiles/cmTC_ae043.dir/src.c.o.d -o CMakeFiles/cmTC_ae043.dir/src.c.o -c /Users/johanravnandersen/Desktop/Universitet/Software/Projects-skeleton/PhotoshopLite/build_opencv/CMakeFiles/CMakeTmp/src.c
warning: unknown warning option '-Wno-array-parameter'; did you mean '-Wno-unused-parameter'? [-Wunknown-warning-option]
/Users/johanravnandersen/Desktop/Universitet/Software/Projects-skeleton/PhotoshopLite/build_opencv/CMakeFiles/CMakeTmp/src.c:1:8: warning: unknown pragma ignored [-Wunknown-pragmas]
#pragma
       ^
2 warnings generated.
Linking C executable cmTC_ae043
/Applications/CMake.app/Contents/bin/cmake -E cmake_link_script CMakeFiles/cmTC_ae043.dir/link.txt --verbose=1
/Library/Developer/CommandLineTools/usr/bin/cc    -fsigned-char -W -Wall -Wreturn-type -Wnon-virtual-dtor -Waddress -Wsequence-point -Wformat -Wformat-security -Wstrict-prototypes -Winit-self -Wpointer-arith -Wsign-promo -Wuninitialized -Wno-delete-non-virtual-dtor -Wno-unnamed-type-template-args -Wno-comment -fdiagnostics-show-option -Wno-long-long -Qunused-arguments -Wno-semicolon-before-method-body -ffunction-sections -fdata-sections  -fvisibility=hidden -fvisibility-inlines-hidden -Wno-unused-but-set-variable -Wno-missing-prototypes -Wno-missing-declarations -Wno-undef -Wno-unused -Wno-sign-compare -Wno-cast-align -Wno-shadow -Wno-pointer-to-int-cast -Wno-int-to-pointer-cast -Wno-misleading-indentation -Wno-implicit-fallthrough -Wno-unused-parameter  -O3 -DNDEBUG  -DNDEBUG -isysroot /Library/Developer/CommandLineTools/SDKs/MacOSX13.3.sdk -Wl,-search_paths_first -Wl,-headerpad_max_install_names   -Wl,-dead_strip  CMakeFiles/cmTC_ae043.dir/src.c.o -o cmTC_ae043 


===== END =====

Determining if files malloc.h exist failed with the following output:
Change Dir: /Users/johanravnandersen/Desktop/Universitet/Software/Projects-skeleton/PhotoshopLite/build_opencv/CMakeFiles/CMakeScratch/TryCompile-NTWYFS

Run Build Command(s):/usr/bin/make -f Makefile cmTC_0dfc4/fast && /Library/Developer/CommandLineTools/usr/bin/make  -f CMakeFiles/cmTC_0dfc4.dir/build.make CMakeFiles/cmTC_0dfc4.dir/build
Building C object CMakeFiles/cmTC_0dfc4.dir/OPJ_HAVE_MALLOC_H.c.o
/Library/Developer/CommandLineTools/usr/bin/cc   -fsigned-char -W -Wall -Wreturn-type -Wnon-virtual-dtor -Waddress -Wsequence-point -Wformat -Wformat-security -Wstrict-prototypes -Wundef -Winit-self -Wpointer-arith -Wshadow -Wsign-promo -Wuninitialized -Wno-delete-non-virtual-dtor -Wno-unnamed-type-template-args -Wno-comment -fdiagnostics-show-option -Wno-long-long -Qunused-arguments -Wno-semicolon-before-method-body -ffunction-sections -fdata-sections  -fvisibility=hidden -fvisibility-inlines-hidden -Wno-implicit-const-int-float-conversion -Wno-unused-but-set-variable -Wno-missing-prototypes -Wno-missing-declarations  -O3 -DNDEBUG  -DNDEBUG -isysroot /Library/Developer/CommandLineTools/SDKs/MacOSX13.3.sdk -fPIE -MD -MT CMakeFiles/cmTC_0dfc4.dir/OPJ_HAVE_MALLOC_H.c.o -MF CMakeFiles/cmTC_0dfc4.dir/OPJ_HAVE_MALLOC_H.c.o.d -o CMakeFiles/cmTC_0dfc4.dir/OPJ_HAVE_MALLOC_H.c.o -c /Users/johanravnandersen/Desktop/Universitet/Software/Projects-skeleton/PhotoshopLite/build_opencv/CMakeFiles/CMakeScratch/TryCompile-NTWYFS/OPJ_HAVE_MALLOC_H.c
/Users/johanravnandersen/Desktop/Universitet/Software/Projects-skeleton/PhotoshopLite/build_opencv/CMakeFiles/CMakeScratch/TryCompile-NTWYFS/OPJ_HAVE_MALLOC_H.c:2:10: fatal error: 'malloc.h' file not found
#include <malloc.h>
         ^~~~~~~~~~
1 error generated.
make[1]: *** [CMakeFiles/cmTC_0dfc4.dir/OPJ_HAVE_MALLOC_H.c.o] Error 1
make: *** [cmTC_0dfc4/fast] Error 2


Source:
/* */
#include <malloc.h>


int main(void){return 0;}

Determining if the _aligned_malloc exist failed with the following output:
Change Dir: /Users/johanravnandersen/Desktop/Universitet/Software/Projects-skeleton/PhotoshopLite/build_opencv/CMakeFiles/CMakeScratch/TryCompile-Pv5i63

Run Build Command(s):/usr/bin/make -f Makefile cmTC_09887/fast && /Library/Developer/CommandLineTools/usr/bin/make  -f CMakeFiles/cmTC_09887.dir/build.make CMakeFiles/cmTC_09887.dir/build
Building C object CMakeFiles/cmTC_09887.dir/CheckSymbolExists.c.o
/Library/Developer/CommandLineTools/usr/bin/cc   -fsigned-char -W -Wall -Wreturn-type -Wnon-virtual-dtor -Waddress -Wsequence-point -Wformat -Wformat-security -Wstrict-prototypes -Wundef -Winit-self -Wpointer-arith -Wshadow -Wsign-promo -Wuninitialized -Wno-delete-non-virtual-dtor -Wno-unnamed-type-template-args -Wno-comment -fdiagnostics-show-option -Wno-long-long -Qunused-arguments -Wno-semicolon-before-method-body -ffunction-sections -fdata-sections  -fvisibility=hidden -fvisibility-inlines-hidden -Wno-implicit-const-int-float-conversion -Wno-unused-but-set-variable -Wno-missing-prototypes -Wno-missing-declarations  -O3 -DNDEBUG  -DNDEBUG -isysroot /Library/Developer/CommandLineTools/SDKs/MacOSX13.3.sdk -fPIE -MD -MT CMakeFiles/cmTC_09887.dir/CheckSymbolExists.c.o -MF CMakeFiles/cmTC_09887.dir/CheckSymbolExists.c.o.d -o CMakeFiles/cmTC_09887.dir/CheckSymbolExists.c.o -c /Users/johanravnandersen/Desktop/Universitet/Software/Projects-skeleton/PhotoshopLite/build_opencv/CMakeFiles/CMakeScratch/TryCompile-Pv5i63/CheckSymbolExists.c
/Users/johanravnandersen/Desktop/Universitet/Software/Projects-skeleton/PhotoshopLite/build_opencv/CMakeFiles/CMakeScratch/TryCompile-Pv5i63/CheckSymbolExists.c:2:10: fatal error: 'malloc.h' file not found
#include <malloc.h>
         ^~~~~~~~~~
1 error generated.
make[1]: *** [CMakeFiles/cmTC_09887.dir/CheckSymbolExists.c.o] Error 1
make: *** [cmTC_09887/fast] Error 2


File CheckSymbolExists.c:
/* */
#include <malloc.h>

int main(int argc, char** argv)
{
  (void)argv;
#ifndef _aligned_malloc
  return ((int*)(&_aligned_malloc))[argc];
#else
  (void)argc;
  return 0;
#endif
}
Determining if the memalign exist failed with the following output:
Change Dir: /Users/johanravnandersen/Desktop/Universitet/Software/Projects-skeleton/PhotoshopLite/build_opencv/CMakeFiles/CMakeScratch/TryCompile-wSsVDD

Run Build Command(s):/usr/bin/make -f Makefile cmTC_3a53c/fast && /Library/Developer/CommandLineTools/usr/bin/make  -f CMakeFiles/cmTC_3a53c.dir/build.make CMakeFiles/cmTC_3a53c.dir/build
Building C object CMakeFiles/cmTC_3a53c.dir/CheckSymbolExists.c.o
/Library/Developer/CommandLineTools/usr/bin/cc   -fsigned-char -W -Wall -Wreturn-type -Wnon-virtual-dtor -Waddress -Wsequence-point -Wformat -Wformat-security -Wstrict-prototypes -Wundef -Winit-self -Wpointer-arith -Wshadow -Wsign-promo -Wuninitialized -Wno-delete-non-virtual-dtor -Wno-unnamed-type-template-args -Wno-comment -fdiagnostics-show-option -Wno-long-long -Qunused-arguments -Wno-semicolon-before-method-body -ffunction-sections -fdata-sections  -fvisibility=hidden -fvisibility-inlines-hidden -Wno-implicit-const-int-float-conversion -Wno-unused-but-set-variable -Wno-missing-prototypes -Wno-missing-declarations  -O3 -DNDEBUG  -DNDEBUG -isysroot /Library/Developer/CommandLineTools/SDKs/MacOSX13.3.sdk -fPIE -MD -MT CMakeFiles/cmTC_3a53c.dir/CheckSymbolExists.c.o -MF CMakeFiles/cmTC_3a53c.dir/CheckSymbolExists.c.o.d -o CMakeFiles/cmTC_3a53c.dir/CheckSymbolExists.c.o -c /Users/johanravnandersen/Desktop/Universitet/Software/Projects-skeleton/PhotoshopLite/build_opencv/CMakeFiles/CMakeScratch/TryCompile-wSsVDD/CheckSymbolExists.c
/Users/johanravnandersen/Desktop/Universitet/Software/Projects-skeleton/PhotoshopLite/build_opencv/CMakeFiles/CMakeScratch/TryCompile-wSsVDD/CheckSymbolExists.c:2:10: fatal error: 'malloc.h' file not found
#include <malloc.h>
         ^~~~~~~~~~
1 error generated.
make[1]: *** [CMakeFiles/cmTC_3a53c.dir/CheckSymbolExists.c.o] Error 1
make: *** [cmTC_3a53c/fast] Error 2


File CheckSymbolExists.c:
/* */
#include <malloc.h>

int main(int argc, char** argv)
{
  (void)argv;
#ifndef memalign
  return ((int*)(&memalign))[argc];
#else
  (void)argc;
  return 0;
#endif
}
Determining if the function sgemm_ exists failed with the following output:
Change Dir: /Users/johanravnandersen/Desktop/Universitet/Software/Projects-skeleton/PhotoshopLite/build_opencv/CMakeFiles/CMakeScratch/TryCompile-Uaql71

Run Build Command(s):/usr/bin/make -f Makefile cmTC_11e54/fast && /Library/Developer/CommandLineTools/usr/bin/make  -f CMakeFiles/cmTC_11e54.dir/build.make CMakeFiles/cmTC_11e54.dir/build
Building C object CMakeFiles/cmTC_11e54.dir/CheckFunctionExists.c.o
/Library/Developer/CommandLineTools/usr/bin/cc   -fsigned-char -W -Wall -Wreturn-type -Wnon-virtual-dtor -Waddress -Wsequence-point -Wformat -Wformat-security -Wmissing-declarations -Wmissing-prototypes -Wstrict-prototypes -Wundef -Winit-self -Wpointer-arith -Wshadow -Wsign-promo -Wuninitialized -Wno-delete-non-virtual-dtor -Wno-unnamed-type-template-args -Wno-comment -fdiagnostics-show-option -Wno-long-long -Qunused-arguments -Wno-semicolon-before-method-body -ffunction-sections -fdata-sections  -fvisibility=hidden -fvisibility-inlines-hidden -DCHECK_FUNCTION_EXISTS=sgemm_ -O3 -DNDEBUG  -DNDEBUG -isysroot /Library/Developer/CommandLineTools/SDKs/MacOSX13.3.sdk -fPIE -MD -MT CMakeFiles/cmTC_11e54.dir/CheckFunctionExists.c.o -MF CMakeFiles/cmTC_11e54.dir/CheckFunctionExists.c.o.d -o CMakeFiles/cmTC_11e54.dir/CheckFunctionExists.c.o -c /Users/johanravnandersen/Desktop/Universitet/Software/Projects-skeleton/PhotoshopLite/build_opencv/CMakeFiles/CMakeScratch/TryCompile-Uaql71/CheckFunctionExists.c
Linking C executable cmTC_11e54
/Applications/CMake.app/Contents/bin/cmake -E cmake_link_script CMakeFiles/cmTC_11e54.dir/link.txt --verbose=1
/Library/Developer/CommandLineTools/usr/bin/cc    -fsigned-char -W -Wall -Wreturn-type -Wnon-virtual-dtor -Waddress -Wsequence-point -Wformat -Wformat-security -Wmissing-declarations -Wmissing-prototypes -Wstrict-prototypes -Wundef -Winit-self -Wpointer-arith -Wshadow -Wsign-promo -Wuninitialized -Wno-delete-non-virtual-dtor -Wno-unnamed-type-template-args -Wno-comment -fdiagnostics-show-option -Wno-long-long -Qunused-arguments -Wno-semicolon-before-method-body -ffunction-sections -fdata-sections  -fvisibility=hidden -fvisibility-inlines-hidden -DCHECK_FUNCTION_EXISTS=sgemm_ -O3 -DNDEBUG  -DNDEBUG -isysroot /Library/Developer/CommandLineTools/SDKs/MacOSX13.3.sdk -Wl,-search_paths_first -Wl,-headerpad_max_install_names   -Wl,-dead_strip  CMakeFiles/cmTC_11e54.dir/CheckFunctionExists.c.o -o cmTC_11e54 
Undefined symbols for architecture x86_64:
  "_sgemm_", referenced from:
      _main in CheckFunctionExists.c.o
ld: symbol(s) not found for architecture x86_64
clang: error: linker command failed with exit code 1 (use -v to see invocation)
make[1]: *** [cmTC_11e54] Error 1
make: *** [cmTC_11e54/fast] Error 2



